[2025-10-10T04:13:18.146Z] INFO: HTTP Request {"method":"GET","url":"/git/status?dir=/data/user/0/com.foxdebug.acodefree/files/alpine/home","status":200,"duration":"54ms","ip":"::1"}
[2025-10-10T04:13:51.038Z] INFO: HTTP Request {"method":"GET","url":"/git/status?dir=/data/user/0/com.foxdebug.acodefree/files/alpine/home","status":304,"duration":"16ms","ip":"::1"}
[2025-10-10T04:13:57.134Z] INFO: HTTP Request {"method":"GET","url":"/git/status?dir=/data/user/0/com.foxdebug.acodefree/files/alpine/home","status":304,"duration":"15ms","ip":"::1"}
[2025-10-10T04:14:02.771Z] INFO: HTTP Request {"method":"POST","url":"/git/init","status":200,"duration":"48ms","ip":"::1"}
[2025-10-10T04:14:02.799Z] INFO: HTTP Request {"method":"GET","url":"/git/status?dir=/data/user/0/com.foxdebug.acodefree/files/alpine/home","status":200,"duration":"8ms","ip":"::1"}
[2025-10-10T04:14:02.870Z] INFO: HTTP Request {"method":"POST","url":"/git/currentBranch","status":200,"duration":"27ms","ip":"::1"}
[2025-10-10T04:14:07.406Z] INFO: HTTP Request {"method":"POST","url":"/git/statusMatrix","status":200,"duration":"4493ms","ip":"::1"}
[2025-10-10T04:14:49.106Z] INFO: HTTP Request {"method":"GET","url":"/git/status?dir=/data/user/0/com.foxdebug.acodefree/files/alpine/home","status":304,"duration":"49ms","ip":"::1"}
[2025-10-10T04:14:49.765Z] INFO: HTTP Request {"method":"POST","url":"/git/currentBranch","status":200,"duration":"76ms","ip":"::1"}
[2025-10-10T04:14:54.622Z] INFO: HTTP Request {"method":"POST","url":"/git/statusMatrix","status":200,"duration":"4695ms","ip":"::1"}
[2025-10-10T13:14:44.666Z] INFO: HTTP Request {"method":"GET","url":"/git/status?dir=/data/user/0/com.foxdebug.acodefree/files/alpine/home","status":304,"duration":"48ms","ip":"::1"}
[2025-10-10T13:14:44.887Z] INFO: HTTP Request {"method":"POST","url":"/git/currentBranch","status":200,"duration":"29ms","ip":"::1"}
[2025-10-10T13:14:49.526Z] INFO: HTTP Request {"method":"POST","url":"/git/statusMatrix","status":200,"duration":"4600ms","ip":"::1"}
[2025-10-10T13:16:51.140Z] INFO: HTTP Request {"method":"POST","url":"/git/statusMatrix","status":200,"duration":"4011ms","ip":"::1"}
[2025-10-10T13:17:07.222Z] INFO: HTTP Request {"method":"POST","url":"/git/statusMatrix","status":200,"duration":"3633ms","ip":"::1"}
[2025-10-10T13:17:07.590Z] INFO: HTTP Request {"method":"POST","url":"/git/add","status":200,"duration":"255ms","ip":"::1"}
[2025-10-10T13:17:07.636Z] INFO: HTTP Request {"method":"POST","url":"/git/add","status":200,"duration":"289ms","ip":"::1"}
[2025-10-10T13:17:07.700Z] INFO: HTTP Request {"method":"POST","url":"/git/add","status":200,"duration":"314ms","ip":"::1"}
[2025-10-10T13:17:07.770Z] INFO: HTTP Request {"method":"POST","url":"/git/add","status":200,"duration":"260ms","ip":"::1"}
[2025-10-10T13:17:07.840Z] INFO: HTTP Request {"method":"POST","url":"/git/add","status":200,"duration":"322ms","ip":"::1"}
[2025-10-10T13:17:07.928Z] INFO: HTTP Request {"method":"POST","url":"/git/add","status":200,"duration":"396ms","ip":"::1"}
[2025-10-10T13:17:07.990Z] INFO: HTTP Request {"method":"POST","url":"/git/add","status":200,"duration":"395ms","ip":"::1"}
[2025-10-10T13:17:08.088Z] INFO: HTTP Request {"method":"POST","url":"/git/add","status":200,"duration":"448ms","ip":"::1"}
[2025-10-10T13:17:08.161Z] INFO: HTTP Request {"method":"POST","url":"/git/add","status":200,"duration":"453ms","ip":"::1"}
[2025-10-10T13:17:08.237Z] INFO: HTTP Request {"method":"POST","url":"/git/add","status":200,"duration":"456ms","ip":"::1"}
[2025-10-10T13:17:08.300Z] INFO: HTTP Request {"method":"POST","url":"/git/add","status":200,"duration":"446ms","ip":"::1"}
[2025-10-10T13:17:08.365Z] INFO: HTTP Request {"method":"POST","url":"/git/add","status":200,"duration":"424ms","ip":"::1"}
[2025-10-10T13:17:08.504Z] INFO: HTTP Request {"method":"POST","url":"/git/add","status":200,"duration":"501ms","ip":"::1"}
